# JRE version: Java(TM) SE Runtime Environment (8.0_221-b11) (build 1.8.0_221-b11)
# Java VM: Java HotSpot(TM) 64-Bit Server VM (25.221-b11 mixed mode windows-amd64 compressed oops)
Heap:
 PSYoungGen      total 276992K, used 180551K [0x00000000e0000000, 0x00000000f3700000, 0x0000000100000000)
  eden space 252416K, 61% used [0x00000000e0000000,0x00000000e9853350,0x00000000ef680000)
  from space 24576K, 99% used [0x00000000f1f00000,0x00000000f36fe9f8,0x00000000f3700000)
  to   space 32256K, 0% used [0x00000000ef800000,0x00000000ef800000,0x00000000f1780000)
 ParOldGen       total 199680K, used 71386K [0x00000000a0000000, 0x00000000ac300000, 0x00000000e0000000)
  object space 199680K, 35% used [0x00000000a0000000,0x00000000a45b6b90,0x00000000ac300000)
 Metaspace       used 91002K, capacity 98160K, committed 98176K, reserved 1134592K
  class space    used 11927K, capacity 13427K, committed 13440K, reserved 1048576K
GC Heap History (10 events):
Event: 2526.473 GC heap before
{Heap before GC invocations=21 (full 3):
 PSYoungGen      total 311808K, used 311418K [0x00000000e0000000, 0x00000000f5800000, 0x0000000100000000)
  eden space 294912K, 100% used [0x00000000e0000000,0x00000000f2000000,0x00000000f2000000)
  from space 16896K, 97% used [0x00000000f2980000,0x00000000f399e8b8,0x00000000f3a00000)
  to   space 28672K, 0% used [0x00000000f3c00000,0x00000000f3c00000,0x00000000f5800000)
 ParOldGen       total 199680K, used 69005K [0x00000000a0000000, 0x00000000ac300000, 0x00000000e0000000)
  object space 199680K, 34% used [0x00000000a0000000,0x00000000a4363780,0x00000000ac300000)
 Metaspace       used 84015K, capacity 90428K, committed 90624K, reserved 1128448K
  class space    used 11107K, capacity 12476K, committed 12544K, reserved 1048576K
Event: 2526.503 GC heap after
Heap after GC invocations=21 (full 3):
 PSYoungGen      total 304128K, used 17077K [0x00000000e0000000, 0x00000000f4e00000, 0x0000000100000000)
  eden space 285696K, 0% used [0x00000000e0000000,0x00000000e0000000,0x00000000f1700000)
  from space 18432K, 92% used [0x00000000f3c00000,0x00000000f4cad528,0x00000000f4e00000)
  to   space 28160K, 0% used [0x00000000f1700000,0x00000000f1700000,0x00000000f3280000)
 ParOldGen       total 199680K, used 69013K [0x00000000a0000000, 0x00000000ac300000, 0x00000000e0000000)
  object space 199680K, 34% used [0x00000000a0000000,0x00000000a4365780,0x00000000ac300000)
 Metaspace       used 84015K, capacity 90428K, committed 90624K, reserved 1128448K
  class space    used 11107K, capacity 12476K, committed 12544K, reserved 1048576K
}
Event: 2658.121 GC heap before
{Heap before GC invocations=22 (full 3):
 PSYoungGen      total 304128K, used 302773K [0x00000000e0000000, 0x00000000f4e00000, 0x0000000100000000)
  eden space 285696K, 100% used [0x00000000e0000000,0x00000000f1700000,0x00000000f1700000)
  from space 18432K, 92% used [0x00000000f3c00000,0x00000000f4cad528,0x00000000f4e00000)
  to   space 28160K, 0% used [0x00000000f1700000,0x00000000f1700000,0x00000000f3280000)
 ParOldGen       total 199680K, used 69013K [0x00000000a0000000, 0x00000000ac300000, 0x00000000e0000000)
  object space 199680K, 34% used [0x00000000a0000000,0x00000000a4365780,0x00000000ac300000)
 Metaspace       used 84345K, capacity 90942K, committed 91264K, reserved 1128448K
  class space    used 11142K, capacity 12549K, committed 12672K, reserved 1048576K
Event: 2658.134 GC heap after
Heap after GC invocations=22 (full 3):
 PSYoungGen      total 289792K, used 12389K [0x00000000e0000000, 0x00000000f4380000, 0x0000000100000000)
  eden space 276992K, 0% used [0x00000000e0000000,0x00000000e0000000,0x00000000f0e80000)
  from space 12800K, 96% used [0x00000000f1700000,0x00000000f23194b8,0x00000000f2380000)
  to   space 27136K, 0% used [0x00000000f2900000,0x00000000f2900000,0x00000000f4380000)
 ParOldGen       total 199680K, used 69021K [0x00000000a0000000, 0x00000000ac300000, 0x00000000e0000000)
  object space 199680K, 34% used [0x00000000a0000000,0x00000000a4367780,0x00000000ac300000)
 Metaspace       used 84345K, capacity 90942K, committed 91264K, reserved 1128448K
  class space    used 11142K, capacity 12549K, committed 12672K, reserved 1048576K
}
Event: 2683.101 GC heap before
{Heap before GC invocations=23 (full 3):
 PSYoungGen      total 289792K, used 289381K [0x00000000e0000000, 0x00000000f4380000, 0x0000000100000000)
  eden space 276992K, 100% used [0x00000000e0000000,0x00000000f0e80000,0x00000000f0e80000)
  from space 12800K, 96% used [0x00000000f1700000,0x00000000f23194b8,0x00000000f2380000)
  to   space 27136K, 0% used [0x00000000f2900000,0x00000000f2900000,0x00000000f4380000)
 ParOldGen       total 199680K, used 69021K [0x00000000a0000000, 0x00000000ac300000, 0x00000000e0000000)
  object space 199680K, 34% used [0x00000000a0000000,0x00000000a4367780,0x00000000ac300000)
 Metaspace       used 84567K, capacity 91298K, committed 91520K, reserved 1128448K
  class space    used 11162K, capacity 12585K, committed 12672K, reserved 1048576K
Event: 2683.108 GC heap after
Heap after GC invocations=23 (full 3):
 PSYoungGen      total 284672K, used 12917K [0x00000000e0000000, 0x00000000f3900000, 0x0000000100000000)
  eden space 268288K, 0% used [0x00000000e0000000,0x00000000e0000000,0x00000000f0600000)
  from space 16384K, 78% used [0x00000000f2900000,0x00000000f359d4d8,0x00000000f3900000)
  to   space 26112K, 0% used [0x00000000f0600000,0x00000000f0600000,0x00000000f1f80000)
 ParOldGen       total 199680K, used 69029K [0x00000000a0000000, 0x00000000ac300000, 0x00000000e0000000)
  object space 199680K, 34% used [0x00000000a0000000,0x00000000a4369780,0x00000000ac300000)
 Metaspace       used 84567K, capacity 91298K, committed 91520K, reserved 1128448K
  class space    used 11162K, capacity 12585K, committed 12672K, reserved 1048576K
}
Event: 2705.496 GC heap before
{Heap before GC invocations=24 (full 3):
 PSYoungGen      total 284672K, used 281205K [0x00000000e0000000, 0x00000000f3900000, 0x0000000100000000)
  eden space 268288K, 100% used [0x00000000e0000000,0x00000000f0600000,0x00000000f0600000)
  from space 16384K, 78% used [0x00000000f2900000,0x00000000f359d4d8,0x00000000f3900000)
  to   space 26112K, 0% used [0x00000000f0600000,0x00000000f0600000,0x00000000f1f80000)
 ParOldGen       total 199680K, used 69029K [0x00000000a0000000, 0x00000000ac300000, 0x00000000e0000000)
  object space 199680K, 34% used [0x00000000a0000000,0x00000000a4369780,0x00000000ac300000)
 Metaspace       used 90527K, capacity 97458K, committed 97536K, reserved 1134592K
  class space    used 11869K, capacity 13296K, committed 13312K, reserved 1048576K
Event: 2705.517 GC heap after
Heap after GC invocations=24 (full 3):
 PSYoungGen      total 285696K, used 25336K [0x00000000e0000000, 0x00000000f3700000, 0x0000000100000000)
  eden space 260096K, 0% used [0x00000000e0000000,0x00000000e0000000,0x00000000efe00000)
  from space 25600K, 98% used [0x00000000f0600000,0x00000000f1ebe0d0,0x00000000f1f00000)
  to   space 24576K, 0% used [0x00000000f1f00000,0x00000000f1f00000,0x00000000f3700000)
 ParOldGen       total 199680K, used 69037K [0x00000000a0000000, 0x00000000ac300000, 0x00000000e0000000)
  object space 199680K, 34% used [0x00000000a0000000,0x00000000a436b780,0x00000000ac300000)
 Metaspace       used 90527K, capacity 97458K, committed 97536K, reserved 1134592K
  class space    used 11869K, capacity 13296K, committed 13312K, reserved 1048576K
}
Event: 3192.244 GC heap before
{Heap before GC invocations=25 (full 3):
 PSYoungGen      total 285696K, used 285432K [0x00000000e0000000, 0x00000000f3700000, 0x0000000100000000)
  eden space 260096K, 100% used [0x00000000e0000000,0x00000000efe00000,0x00000000efe00000)
  from space 25600K, 98% used [0x00000000f0600000,0x00000000f1ebe0d0,0x00000000f1f00000)
  to   space 24576K, 0% used [0x00000000f1f00000,0x00000000f1f00000,0x00000000f3700000)
 ParOldGen       total 199680K, used 69037K [0x00000000a0000000, 0x00000000ac300000, 0x00000000e0000000)
  object space 199680K, 34% used [0x00000000a0000000,0x00000000a436b780,0x00000000ac300000)
 Metaspace       used 90892K, capacity 98018K, committed 98176K, reserved 1134592K
  class space    used 11911K, capacity 13414K, committed 13440K, reserved 1048576K
Event: 3192.256 GC heap after
Heap after GC invocations=25 (full 3):
 PSYoungGen      total 276992K, used 24570K [0x00000000e0000000, 0x00000000f3700000, 0x0000000100000000)
  eden space 252416K, 0% used [0x00000000e0000000,0x00000000e0000000,0x00000000ef680000)
  from space 24576K, 99% used [0x00000000f1f00000,0x00000000f36fe9f8,0x00000000f3700000)
  to   space 32256K, 0% used [0x00000000ef800000,0x00000000ef800000,0x00000000f1780000)
 ParOldGen       total 199680K, used 71386K [0x00000000a0000000, 0x00000000ac300000, 0x00000000e0000000)
  object space 199680K, 35% used [0x00000000a0000000,0x00000000a45b6b90,0x00000000ac300000)
 Metaspace       used 90892K, capacity 98018K, committed 98176K, reserved 1134592K
  class space    used 11911K, capacity 13414K, committed 13440K, reserved 1048576K
}

