# JRE version: Java(TM) SE Runtime Environment (8.0_221-b11) (build 1.8.0_221-b11)
# Java VM: Java HotSpot(TM) 64-Bit Server VM (25.221-b11 mixed mode windows-amd64 compressed oops)
Heap:
 PSYoungGen      total 279040K, used 146837K [0x00000000e0000000, 0x00000000f4280000, 0x0000000100000000)
  eden space 227840K, 56% used [0x00000000e0000000,0x00000000e7e3e188,0x00000000ede80000)
  from space 51200K, 34% used [0x00000000ede80000,0x00000000eefa7448,0x00000000f1080000)
  to   space 51200K, 0% used [0x00000000f1080000,0x00000000f1080000,0x00000000f4280000)
 ParOldGen       total 281088K, used 117119K [0x00000000a0000000, 0x00000000b1280000, 0x00000000e0000000)
  object space 281088K, 41% used [0x00000000a0000000,0x00000000a725ffe0,0x00000000b1280000)
 Metaspace       used 87092K, capacity 90788K, committed 90968K, reserved 1128448K
  class space    used 11358K, capacity 12077K, committed 12160K, reserved 1048576K
GC Heap History (10 events):
Event: 471.166 GC heap before
{Heap before GC invocations=24 (full 3):
 PSYoungGen      total 236544K, used 209432K [0x00000000e0000000, 0x00000000f1d80000, 0x0000000100000000)
  eden space 180736K, 100% used [0x00000000e0000000,0x00000000eb080000,0x00000000eb080000)
  from space 55808K, 51% used [0x00000000ee500000,0x00000000f0106288,0x00000000f1b80000)
  to   space 53760K, 0% used [0x00000000eb080000,0x00000000eb080000,0x00000000ee500000)
 ParOldGen       total 281088K, used 84745K [0x00000000a0000000, 0x00000000b1280000, 0x00000000e0000000)
  object space 281088K, 30% used [0x00000000a0000000,0x00000000a52c2430,0x00000000b1280000)
 Metaspace       used 86899K, capacity 90600K, committed 90968K, reserved 1128448K
  class space    used 11347K, capacity 12043K, committed 12160K, reserved 1048576K
Event: 471.177 GC heap after
Heap after GC invocations=24 (full 3):
 PSYoungGen      total 234496K, used 28300K [0x00000000e0000000, 0x00000000f4300000, 0x0000000100000000)
  eden space 180736K, 0% used [0x00000000e0000000,0x00000000e0000000,0x00000000eb080000)
  from space 53760K, 52% used [0x00000000eb080000,0x00000000ecc23378,0x00000000ee500000)
  to   space 51712K, 0% used [0x00000000f1080000,0x00000000f1080000,0x00000000f4300000)
 ParOldGen       total 281088K, used 88755K [0x00000000a0000000, 0x00000000b1280000, 0x00000000e0000000)
  object space 281088K, 31% used [0x00000000a0000000,0x00000000a56acf80,0x00000000b1280000)
 Metaspace       used 86899K, capacity 90600K, committed 90968K, reserved 1128448K
  class space    used 11347K, capacity 12043K, committed 12160K, reserved 1048576K
}
Event: 471.304 GC heap before
{Heap before GC invocations=25 (full 3):
 PSYoungGen      total 234496K, used 209036K [0x00000000e0000000, 0x00000000f4300000, 0x0000000100000000)
  eden space 180736K, 100% used [0x00000000e0000000,0x00000000eb080000,0x00000000eb080000)
  from space 53760K, 52% used [0x00000000eb080000,0x00000000ecc23378,0x00000000ee500000)
  to   space 51712K, 0% used [0x00000000f1080000,0x00000000f1080000,0x00000000f4300000)
 ParOldGen       total 281088K, used 88755K [0x00000000a0000000, 0x00000000b1280000, 0x00000000e0000000)
  object space 281088K, 31% used [0x00000000a0000000,0x00000000a56acf80,0x00000000b1280000)
 Metaspace       used 86922K, capacity 90600K, committed 90968K, reserved 1128448K
  class space    used 11347K, capacity 12043K, committed 12160K, reserved 1048576K
Event: 471.314 GC heap after
Heap after GC invocations=25 (full 3):
 PSYoungGen      total 279040K, used 14377K [0x00000000e0000000, 0x00000000f4280000, 0x0000000100000000)
  eden space 227840K, 0% used [0x00000000e0000000,0x00000000e0000000,0x00000000ede80000)
  from space 51200K, 28% used [0x00000000f1080000,0x00000000f1e8a500,0x00000000f4280000)
  to   space 51200K, 0% used [0x00000000ede80000,0x00000000ede80000,0x00000000f1080000)
 ParOldGen       total 281088K, used 102067K [0x00000000a0000000, 0x00000000b1280000, 0x00000000e0000000)
  object space 281088K, 36% used [0x00000000a0000000,0x00000000a63acd68,0x00000000b1280000)
 Metaspace       used 86922K, capacity 90600K, committed 90968K, reserved 1128448K
  class space    used 11347K, capacity 12043K, committed 12160K, reserved 1048576K
}
Event: 471.467 GC heap before
{Heap before GC invocations=26 (full 3):
 PSYoungGen      total 279040K, used 242217K [0x00000000e0000000, 0x00000000f4280000, 0x0000000100000000)
  eden space 227840K, 100% used [0x00000000e0000000,0x00000000ede80000,0x00000000ede80000)
  from space 51200K, 28% used [0x00000000f1080000,0x00000000f1e8a500,0x00000000f4280000)
  to   space 51200K, 0% used [0x00000000ede80000,0x00000000ede80000,0x00000000f1080000)
 ParOldGen       total 281088K, used 102067K [0x00000000a0000000, 0x00000000b1280000, 0x00000000e0000000)
  object space 281088K, 36% used [0x00000000a0000000,0x00000000a63acd68,0x00000000b1280000)
 Metaspace       used 86949K, capacity 90600K, committed 90968K, reserved 1128448K
  class space    used 11347K, capacity 12043K, committed 12160K, reserved 1048576K
Event: 471.474 GC heap after
Heap after GC invocations=26 (full 3):
 PSYoungGen      total 279040K, used 16232K [0x00000000e0000000, 0x00000000f4280000, 0x0000000100000000)
  eden space 227840K, 0% used [0x00000000e0000000,0x00000000e0000000,0x00000000ede80000)
  from space 51200K, 31% used [0x00000000ede80000,0x00000000eee5a248,0x00000000f1080000)
  to   space 51200K, 0% used [0x00000000f1080000,0x00000000f1080000,0x00000000f4280000)
 ParOldGen       total 281088K, used 104495K [0x00000000a0000000, 0x00000000b1280000, 0x00000000e0000000)
  object space 281088K, 37% used [0x00000000a0000000,0x00000000a660bf48,0x00000000b1280000)
 Metaspace       used 86949K, capacity 90600K, committed 90968K, reserved 1128448K
  class space    used 11347K, capacity 12043K, committed 12160K, reserved 1048576K
}
Event: 471.637 GC heap before
{Heap before GC invocations=27 (full 3):
 PSYoungGen      total 279040K, used 244072K [0x00000000e0000000, 0x00000000f4280000, 0x0000000100000000)
  eden space 227840K, 100% used [0x00000000e0000000,0x00000000ede80000,0x00000000ede80000)
  from space 51200K, 31% used [0x00000000ede80000,0x00000000eee5a248,0x00000000f1080000)
  to   space 51200K, 0% used [0x00000000f1080000,0x00000000f1080000,0x00000000f4280000)
 ParOldGen       total 281088K, used 104495K [0x00000000a0000000, 0x00000000b1280000, 0x00000000e0000000)
  object space 281088K, 37% used [0x00000000a0000000,0x00000000a660bf48,0x00000000b1280000)
 Metaspace       used 87031K, capacity 90676K, committed 90968K, reserved 1128448K
  class space    used 11353K, capacity 12043K, committed 12160K, reserved 1048576K
Event: 471.648 GC heap after
Heap after GC invocations=27 (full 3):
 PSYoungGen      total 279040K, used 23088K [0x00000000e0000000, 0x00000000f4280000, 0x0000000100000000)
  eden space 227840K, 0% used [0x00000000e0000000,0x00000000e0000000,0x00000000ede80000)
  from space 51200K, 45% used [0x00000000f1080000,0x00000000f270c1f8,0x00000000f4280000)
  to   space 51200K, 0% used [0x00000000ede80000,0x00000000ede80000,0x00000000f1080000)
 ParOldGen       total 281088K, used 109912K [0x00000000a0000000, 0x00000000b1280000, 0x00000000e0000000)
  object space 281088K, 39% used [0x00000000a0000000,0x00000000a6b56100,0x00000000b1280000)
 Metaspace       used 87031K, capacity 90676K, committed 90968K, reserved 1128448K
  class space    used 11353K, capacity 12043K, committed 12160K, reserved 1048576K
}
Event: 471.807 GC heap before
{Heap before GC invocations=28 (full 3):
 PSYoungGen      total 279040K, used 250928K [0x00000000e0000000, 0x00000000f4280000, 0x0000000100000000)
  eden space 227840K, 100% used [0x00000000e0000000,0x00000000ede80000,0x00000000ede80000)
  from space 51200K, 45% used [0x00000000f1080000,0x00000000f270c1f8,0x00000000f4280000)
  to   space 51200K, 0% used [0x00000000ede80000,0x00000000ede80000,0x00000000f1080000)
 ParOldGen       total 281088K, used 109912K [0x00000000a0000000, 0x00000000b1280000, 0x00000000e0000000)
  object space 281088K, 39% used [0x00000000a0000000,0x00000000a6b56100,0x00000000b1280000)
 Metaspace       used 87057K, capacity 90750K, committed 90968K, reserved 1128448K
  class space    used 11354K, capacity 12044K, committed 12160K, reserved 1048576K
Event: 471.817 GC heap after
Heap after GC invocations=28 (full 3):
 PSYoungGen      total 279040K, used 17565K [0x00000000e0000000, 0x00000000f4280000, 0x0000000100000000)
  eden space 227840K, 0% used [0x00000000e0000000,0x00000000e0000000,0x00000000ede80000)
  from space 51200K, 34% used [0x00000000ede80000,0x00000000eefa7448,0x00000000f1080000)
  to   space 51200K, 0% used [0x00000000f1080000,0x00000000f1080000,0x00000000f4280000)
 ParOldGen       total 281088K, used 117119K [0x00000000a0000000, 0x00000000b1280000, 0x00000000e0000000)
  object space 281088K, 41% used [0x00000000a0000000,0x00000000a725ffe0,0x00000000b1280000)
 Metaspace       used 87057K, capacity 90750K, committed 90968K, reserved 1128448K
  class space    used 11354K, capacity 12044K, committed 12160K, reserved 1048576K
}

